-------------------------------------------------------------------------------
Test set: org.upskill.clubedesportivo.SemiprofissionalTest
-------------------------------------------------------------------------------
Tests run: 3, Failures: 3, Errors: 0, Skipped: 0, Time elapsed: 0.281 sec <<< FAILURE!
org.upskill.clubedesportivo.SemiprofissionalTest.testCalcularPagamento()  Time elapsed: 0.279 sec  <<< FAILURE!
java.lang.NullPointerException
	at org.upskill.clubedesportivo.SemiprofissionalTest.testCalcularPagamento(SemiprofissionalTest.java:76)

org.upskill.clubedesportivo.SemiprofissionalTest.testCalcularPagamentoComDesconto()  Time elapsed: 0 sec  <<< FAILURE!
java.lang.NullPointerException
	at org.upskill.clubedesportivo.SemiprofissionalTest.testCalcularPagamentoComDesconto(SemiprofissionalTest.java:63)

org.upskill.clubedesportivo.SemiprofissionalTest.testCalcularDescontoIRS()  Time elapsed: 0 sec  <<< FAILURE!
java.lang.NullPointerException
	at org.upskill.clubedesportivo.SemiprofissionalTest.testCalcularDescontoIRS(SemiprofissionalTest.java:50)

