-------------------------------------------------------------------------------
Test set: org.upskill.clubedesportivo.ProfissionalTest
-------------------------------------------------------------------------------
Tests run: 5, Failures: 1, Errors: 0, Skipped: 0, Time elapsed: 0.163 sec <<< FAILURE!
org.upskill.clubedesportivo.ProfissionalTest.testGetTotalProfissionais()  Time elapsed: 0.003 sec  <<< FAILURE!
java.lang.NullPointerException
	at org.upskill.clubedesportivo.ProfissionalTest.testGetTotalProfissionais(ProfissionalTest.java:53)

